default 2
timeout 5

fontfile /boot/load/fonts.gz
splashimage /boot/load/deepin.xpm.gz

title                    ☆ 深度技术论坛 一键还原工具 ☆                    
clear
#..  

title ──────────────────────────────────  
clear 
title  启动 一键还原 Ghost v11.0
map --mem /boot/load/ghost.img (fd0)
map --hook
chainloader (fd0)+1
rootnoverify (fd0)
title ──────────────────────────────────
clear
title  启动本机硬盘的 WINDOWS NT/2003/XP 系统
map (hd0) (hd0)
map (hd0) (hd1)
root (hd0,0)
chainloader (hd0,0)+1
boot
rootnoverify (hd0,0)
chainloader +1
clear
title  启动本机硬盘上 VISTA 系统(如果存在)
find --set-root /bootmgr
chainloader /bootmgr
clear
title ──────────────────────────────────
clear
title  从第二硬盘启动系统
fallback 6
root (hd0,1)
chainloader +1
title  从光驱启动系统
cdrom --init
map --hook
chainloader (cd0)
boot
title ──────────────────────────────────
clear
title  重启计算机
reboot
clear
title  关闭计算机
halt